[21Dec2024 00:01:34.442] [User Authenticator #2/INFO] [net.minecraft.server.network.ServerLoginPacketListenerImpl/]: UUID of player Myth_Pool is 7a2e4678-1911-4377-b6d9-73cedf647364
[21Dec2024 00:01:43.985] [Server thread/INFO] [net.minecraft.server.players.PlayerList/]: Myth_Pool[/172.26.7.165:63977] logged in with entity id 2267 at (-597.9277946290828, 82.0, 868.1860460619222)
[21Dec2024 00:01:44.027] [Server thread/INFO] [org.betterx.worlds.together.util.Logger/]: [betternether] Freeze Registry[ResourceKey[minecraft:root / worlds_together:worldgen/betterx/surface_rules] (Stable)]
[21Dec2024 00:01:44.130] [Server thread/INFO] [net.minecraft.server.MinecraftServer/]: Myth_Pool joined the game
[21Dec2024 00:01:44.389] [Server thread/INFO] [Jade/]: Syncing config to Myth_Pool (7a2e4678-1911-4377-b6d9-73cedf647364)
[21Dec2024 00:01:47.475] [Server thread/INFO] [voicechat/]: [voicechat] Received secret request of Myth_Pool (18)
[21Dec2024 00:01:47.476] [Server thread/INFO] [voicechat/]: [voicechat] Sent secret to Myth_Pool
[21Dec2024 00:01:47.477] [Server thread/INFO] [org.betterx.worlds.together.util.Logger/]: [bclib] Received Hello from Client. (server=3.0.14, client=3.0.14)
[21Dec2024 00:01:47.477] [Server thread/INFO] [org.betterx.worlds.together.util.Logger/]: [bclib] Sending Hello to Client. (server=3.0.14)
[21Dec2024 00:01:47.478] [Server thread/INFO] [org.betterx.worlds.together.util.Logger/]: [bclib] 	- Listing Mod betternether v9.0.10 (size: 21.9 MiB, download=true)
[21Dec2024 00:01:47.479] [Server thread/INFO] [org.betterx.worlds.together.util.Logger/]: [bclib] 	- Listing Mod bclib v3.0.14 (size: 2.2 MiB, download=true)
[21Dec2024 00:01:47.480] [Server thread/INFO] [org.betterx.worlds.together.util.Logger/]: [bclib] 	- Offering Config bclib.CONFIG_betternether.main
[21Dec2024 00:01:47.481] [Server thread/INFO] [org.betterx.worlds.together.util.Logger/]: [bclib] 	- Offering Config bclib.CONFIG_betternether.generator
[21Dec2024 00:01:47.482] [Server thread/INFO] [org.betterx.worlds.together.util.Logger/]: [bclib] 	- Offering Config bclib.CONFIG_betternether.blocks
[21Dec2024 00:01:47.483] [Server thread/INFO] [org.betterx.worlds.together.util.Logger/]: [bclib] 	- Offering Config bclib.CONFIG_betternether.items
[21Dec2024 00:01:47.483] [Server thread/INFO] [org.betterx.worlds.together.util.Logger/]: [bclib] 	- Offering Config bclib.CONFIG_betternether.biomes
[21Dec2024 00:01:47.483] [Server thread/INFO] [org.betterx.worlds.together.util.Logger/]: [bclib] 	- Offering Config bclib.CONFIG_betternether.mobs
[21Dec2024 00:01:47.484] [Server thread/INFO] [org.betterx.worlds.together.util.Logger/]: [bclib] 	- Offering Config bclib.CONFIG_betterend.entities
[21Dec2024 00:01:47.484] [Server thread/INFO] [org.betterx.worlds.together.util.Logger/]: [bclib] 	- Offering Config bclib.CONFIG_betterend.blocks
[21Dec2024 00:01:47.485] [Server thread/INFO] [org.betterx.worlds.together.util.Logger/]: [bclib] 	- Offering Config bclib.CONFIG_betterend.items
[21Dec2024 00:01:47.485] [Server thread/INFO] [org.betterx.worlds.together.util.Logger/]: [bclib] 	- Offering Config bclib.CONFIG_betterend.enchantments
[21Dec2024 00:01:47.487] [Server thread/INFO] [org.betterx.worlds.together.util.Logger/]: [bclib] 	- Offering Config bclib.CONFIG_bclib.generator
[21Dec2024 00:01:47.488] [Server thread/INFO] [org.betterx.worlds.together.util.Logger/]: [bclib] 	- Offering Config bclib.CONFIG_bclib.main
[21Dec2024 00:01:47.488] [Server thread/INFO] [org.betterx.worlds.together.util.Logger/]: [bclib] 	- Offering Config bclib.CONFIG_bclib.biomes
[21Dec2024 00:01:47.489] [Server thread/INFO] [org.betterx.worlds.together.util.Logger/]: [bclib] 	- Offering Folder /workspaces/MSX/servidor_minecraft/bclib-sync (allowDelete=true)
[21Dec2024 00:01:55.876] [Server thread/INFO] [net.minecraft.server.MinecraftServer/]: <Diego505_> tio
[21Dec2024 00:01:58.379] [Server thread/INFO] [net.minecraft.server.MinecraftServer/]: <Diego505_> chabal
[21Dec2024 00:02:00.088] [VoiceChatPacketProcessingThread/INFO] [voicechat/]: [voicechat] Successfully authenticated player 7a2e4678-1911-4377-b6d9-73cedf647364
[21Dec2024 00:02:01.089] [VoiceChatPacketProcessingThread/INFO] [voicechat/]: [voicechat] Successfully validated connection of player 7a2e4678-1911-4377-b6d9-73cedf647364
[21Dec2024 00:02:01.090] [VoiceChatPacketProcessingThread/INFO] [voicechat/]: [voicechat] Player Myth_Pool (7a2e4678-1911-4377-b6d9-73cedf647364) successfully connected to voice chat
[21Dec2024 00:02:25.214] [Server thread/INFO] [net.minecraft.server.MinecraftServer/]: <Diego505_> cabronazo
[21Dec2024 00:02:51.770] [Server thread/WARN] [net.minecraft.network.chat.SignedMessageChain/]: Received expired chat: 'chaval'. Is the client/server system time unsynchronized?
[21Dec2024 00:02:51.772] [Server thread/INFO] [net.minecraft.server.MinecraftServer/]: [Not Secure] <Myth_Pool> chaval
[21Dec2024 00:02:55.432] [Server thread/WARN] [net.minecraft.network.chat.SignedMessageChain/]: Received expired chat: 'ola'. Is the client/server system time unsynchronized?
[21Dec2024 00:02:55.433] [Server thread/INFO] [net.minecraft.server.MinecraftServer/]: [Not Secure] <Myth_Pool> ola
[21Dec2024 00:02:57.879] [Server thread/INFO] [net.minecraft.server.MinecraftServer/]: <Diego505_> hey cabron
[21Dec2024 00:03:04.528] [Server thread/INFO] [net.minecraft.server.MinecraftServer/]: <Diego505_> metete a cualquier canal del server
[21Dec2024 00:03:08.775] [Server thread/WARN] [net.minecraft.network.chat.SignedMessageChain/]: Received expired chat: 'no puelo'. Is the client/server system time unsynchronized?
[21Dec2024 00:03:08.775] [Server thread/INFO] [net.minecraft.server.MinecraftServer/]: [Not Secure] <Myth_Pool> no puelo
[21Dec2024 00:03:08.876] [Server thread/INFO] [net.minecraft.server.MinecraftServer/]: <Diego505_> ahorita te muevo
[21Dec2024 00:03:13.784] [Server thread/INFO] [net.minecraft.server.MinecraftServer/]: <Diego505_> como que no=
[21Dec2024 00:03:19.115] [Server thread/WARN] [net.minecraft.network.chat.SignedMessageChain/]: Received expired chat: 'ando viendo un diirecto con unos panas'. Is the client/server system time unsynchronized?
[21Dec2024 00:03:19.116] [Server thread/INFO] [net.minecraft.server.MinecraftServer/]: [Not Secure] <Myth_Pool> ando viendo un diirecto con unos panas
[21Dec2024 00:03:22.726] [Server thread/WARN] [net.minecraft.network.chat.SignedMessageChain/]: Received expired chat: 'ahorita que termine'. Is the client/server system time unsynchronized?
[21Dec2024 00:03:22.726] [Server thread/INFO] [net.minecraft.server.MinecraftServer/]: [Not Secure] <Myth_Pool> ahorita que termine
[21Dec2024 00:03:24.823] [Server thread/WARN] [net.minecraft.network.chat.SignedMessageChain/]: Received expired chat: 'jijiji'. Is the client/server system time unsynchronized?
[21Dec2024 00:03:24.824] [Server thread/INFO] [net.minecraft.server.MinecraftServer/]: [Not Secure] <Myth_Pool> jijiji
[21Dec2024 00:03:27.173] [Server thread/INFO] [net.minecraft.server.MinecraftServer/]: <Diego505_> vaya puto
[21Dec2024 00:03:28.673] [Server thread/INFO] [net.minecraft.server.MinecraftServer/]: <Diego505_> oye
[21Dec2024 00:03:31.782] [Server thread/WARN] [net.minecraft.network.chat.SignedMessageChain/]: Received expired chat: 'oigo'. Is the client/server system time unsynchronized?
[21Dec2024 00:03:31.783] [Server thread/INFO] [net.minecraft.server.MinecraftServer/]: [Not Secure] <Myth_Pool> oigo
[21Dec2024 00:03:33.471] [Server thread/INFO] [net.minecraft.server.MinecraftServer/]: <Diego505_> ocupo libros por si tienes
[21Dec2024 00:03:38.475] [Server thread/WARN] [net.minecraft.network.chat.SignedMessageChain/]: Received expired chat: 'pa q'. Is the client/server system time unsynchronized?
[21Dec2024 00:03:38.476] [Server thread/INFO] [net.minecraft.server.MinecraftServer/]: [Not Secure] <Myth_Pool> pa q
[21Dec2024 00:03:42.541] [Server thread/INFO] [net.minecraft.server.MinecraftServer/]: <Diego505_> para la mesa que ya está hecha
[21Dec2024 00:03:54.375] [Server thread/WARN] [net.minecraft.network.chat.SignedMessageChain/]: Received expired chat: 'apoco si ya muy poro'. Is the client/server system time unsynchronized?
[21Dec2024 00:03:54.377] [Server thread/INFO] [net.minecraft.server.MinecraftServer/]: [Not Secure] <Myth_Pool> apoco si ya muy poro
[21Dec2024 00:03:56.586] [Server thread/WARN] [net.minecraft.network.chat.SignedMessageChain/]: Received expired chat: 'pro'. Is the client/server system time unsynchronized?
[21Dec2024 00:03:56.586] [Server thread/INFO] [net.minecraft.server.MinecraftServer/]: [Not Secure] <Myth_Pool> pro
[21Dec2024 00:03:59.719] [Server thread/INFO] [net.minecraft.server.MinecraftServer/]: <Diego505_> ok
[21Dec2024 00:04:06.730] [Server thread/INFO] [net.minecraft.server.MinecraftServer/]: <Diego505_> entonces no te voy a dar permiso de usarla
[21Dec2024 00:04:12.781] [Server thread/WARN] [net.minecraft.network.chat.SignedMessageChain/]: Received expired chat: 'JAJAJAJ'. Is the client/server system time unsynchronized?
[21Dec2024 00:04:12.782] [Server thread/INFO] [net.minecraft.server.MinecraftServer/]: [Not Secure] <Myth_Pool> JAJAJAJ
[21Dec2024 00:05:16.166] [Server thread/INFO] [net.minecraft.server.MinecraftServer/]: Diego505_ has made the advancement [Local Librarian]
[21Dec2024 00:05:30.029] [Server thread/INFO] [net.minecraft.server.MinecraftServer/]: <Diego505_> duerme
